--------------------------------------------------------------------------------
Release 14.7 Trace  (lin64)
Copyright (c) 1995-2013 Xilinx, Inc.  All rights reserved.

/opt/Xilinx/14.7/ISE_DS/ISE/bin/lin64/unwrapped/trce -intstyle ise -v 3 -s 1 -n
3 -fastpaths -xml animation.twx animation.ncd -o animation.twr animation.pcf

Design file:              animation.ncd
Physical constraint file: animation.pcf
Device,package,speed:     xc7a100t,csg324,C,-1 (PRODUCTION 1.10 2013-10-13)
Report level:             verbose report

Environment Variable      Effect 
--------------------      ------ 
NONE                      No environment variables were set
--------------------------------------------------------------------------------

INFO:Timing:2698 - No timing constraints found, doing default enumeration.
INFO:Timing:3412 - To improve timing, see the Timing Closure User Guide (UG612).
INFO:Timing:2752 - To get complete path coverage, use the unconstrained paths 
   option. All paths that are not constrained will be reported in the 
   unconstrained paths section(s) of the report.
INFO:Timing:3339 - The clock-to-out numbers in this timing report are based on 
   a 50 Ohm transmission line loading model.  For the details of this model, 
   and for more information on accounting for different loading conditions, 
   please see the device datasheet.



Data Sheet report:
-----------------
All values displayed in nanoseconds (ns)

Setup/Hold to clock clk
------------+------------+------------+------------+------------+------------------+--------+
            |Max Setup to|  Process   |Max Hold to |  Process   |                  | Clock  |
Source      | clk (edge) |   Corner   | clk (edge) |   Corner   |Internal Clock(s) | Phase  |
------------+------------+------------+------------+------------+------------------+--------+
sw0         |    0.142(R)|      FAST  |    2.380(R)|      SLOW  |clk_BUFGP         |   0.000|
sw1         |    0.084(R)|      FAST  |    2.586(R)|      SLOW  |clk_BUFGP         |   0.000|
------------+------------+------------+------------+------------+------------------+--------+

Clock clk to Pad
------------+-----------------+------------+-----------------+------------+------------------+--------+
            |Max (slowest) clk|  Process   |Min (fastest) clk|  Process   |                  | Clock  |
Destination |  (edge) to PAD  |   Corner   |  (edge) to PAD  |   Corner   |Internal Clock(s) | Phase  |
------------+-----------------+------------+-----------------+------------+------------------+--------+
led<0>      |         9.603(R)|      SLOW  |         3.115(R)|      FAST  |clk_BUFGP         |   0.000|
led<1>      |         9.744(R)|      SLOW  |         3.145(R)|      FAST  |clk_BUFGP         |   0.000|
led<2>      |         9.714(R)|      SLOW  |         3.164(R)|      FAST  |clk_BUFGP         |   0.000|
led<3>      |         9.722(R)|      SLOW  |         3.146(R)|      FAST  |clk_BUFGP         |   0.000|
led<4>      |         9.744(R)|      SLOW  |         3.181(R)|      FAST  |clk_BUFGP         |   0.000|
led<5>      |         9.763(R)|      SLOW  |         3.167(R)|      FAST  |clk_BUFGP         |   0.000|
led<6>      |         9.731(R)|      SLOW  |         3.149(R)|      FAST  |clk_BUFGP         |   0.000|
led<7>      |         9.725(R)|      SLOW  |         3.160(R)|      FAST  |clk_BUFGP         |   0.000|
led<8>      |         9.562(R)|      SLOW  |         3.104(R)|      FAST  |clk_BUFGP         |   0.000|
led<9>      |         9.573(R)|      SLOW  |         3.094(R)|      FAST  |clk_BUFGP         |   0.000|
led<10>     |         9.701(R)|      SLOW  |         3.145(R)|      FAST  |clk_BUFGP         |   0.000|
led<11>     |         9.565(R)|      SLOW  |         3.087(R)|      FAST  |clk_BUFGP         |   0.000|
led<12>     |         9.708(R)|      SLOW  |         3.127(R)|      FAST  |clk_BUFGP         |   0.000|
led<13>     |         9.781(R)|      SLOW  |         3.183(R)|      FAST  |clk_BUFGP         |   0.000|
led<14>     |         9.634(R)|      SLOW  |         3.148(R)|      FAST  |clk_BUFGP         |   0.000|
led<15>     |        10.126(R)|      SLOW  |         3.338(R)|      FAST  |clk_BUFGP         |   0.000|
------------+-----------------+------------+-----------------+------------+------------------+--------+

Clock to Setup on destination clock clk
---------------+---------+---------+---------+---------+
               | Src:Rise| Src:Fall| Src:Rise| Src:Fall|
Source Clock   |Dest:Rise|Dest:Rise|Dest:Fall|Dest:Fall|
---------------+---------+---------+---------+---------+
clk            |    3.032|         |         |         |
---------------+---------+---------+---------+---------+


Analysis completed Wed Sep 28 12:45:13 2016 
--------------------------------------------------------------------------------

Trace Settings:
-------------------------
Trace Settings 

Peak Memory Usage: 764 MB



